{"/home/mapover/repositories/bmi-calculator-nodejs/bmi-category.js": {"path":"/home/mapover/repositories/bmi-calculator-nodejs/bmi-category.js","statementMap":{"0":{"start":{"line":2,"column":4},"end":{"line":16,"column":5}},"1":{"start":{"line":3,"column":8},"end":{"line":3,"column":19}},"2":{"start":{"line":5,"column":9},"end":{"line":16,"column":5}},"3":{"start":{"line":6,"column":8},"end":{"line":6,"column":29}},"4":{"start":{"line":8,"column":9},"end":{"line":16,"column":5}},"5":{"start":{"line":9,"column":8},"end":{"line":9,"column":32}},"6":{"start":{"line":11,"column":9},"end":{"line":16,"column":5}},"7":{"start":{"line":12,"column":8},"end":{"line":12,"column":28}},"8":{"start":{"line":15,"column":8},"end":{"line":15,"column":23}},"9":{"start":{"line":18,"column":0},"end":{"line":18,"column":32}}},"fnMap":{"0":{"name":"getBMICategory","decl":{"start":{"line":1,"column":9},"end":{"line":1,"column":23}},"loc":{"start":{"line":1,"column":29},"end":{"line":17,"column":1}},"line":1}},"branchMap":{"0":{"loc":{"start":{"line":2,"column":4},"end":{"line":16,"column":5}},"type":"if","locations":[{"start":{"line":2,"column":4},"end":{"line":16,"column":5}},{"start":{"line":5,"column":9},"end":{"line":16,"column":5}}],"line":2},"1":{"loc":{"start":{"line":5,"column":9},"end":{"line":16,"column":5}},"type":"if","locations":[{"start":{"line":5,"column":9},"end":{"line":16,"column":5}},{"start":{"line":8,"column":9},"end":{"line":16,"column":5}}],"line":5},"2":{"loc":{"start":{"line":8,"column":9},"end":{"line":16,"column":5}},"type":"if","locations":[{"start":{"line":8,"column":9},"end":{"line":16,"column":5}},{"start":{"line":11,"column":9},"end":{"line":16,"column":5}}],"line":8},"3":{"loc":{"start":{"line":8,"column":13},"end":{"line":8,"column":36}},"type":"binary-expr","locations":[{"start":{"line":8,"column":13},"end":{"line":8,"column":24}},{"start":{"line":8,"column":28},"end":{"line":8,"column":36}}],"line":8},"4":{"loc":{"start":{"line":11,"column":9},"end":{"line":16,"column":5}},"type":"if","locations":[{"start":{"line":11,"column":9},"end":{"line":16,"column":5}},{"start":{"line":14,"column":9},"end":{"line":16,"column":5}}],"line":11},"5":{"loc":{"start":{"line":11,"column":13},"end":{"line":11,"column":34}},"type":"binary-expr","locations":[{"start":{"line":11,"column":13},"end":{"line":11,"column":22}},{"start":{"line":11,"column":26},"end":{"line":11,"column":34}}],"line":11}},"s":{"0":5,"1":1,"2":4,"3":1,"4":3,"5":1,"6":2,"7":1,"8":1,"9":1},"f":{"0":5},"b":{"0":[1,4],"1":[1,3],"2":[1,2],"3":[3,3],"4":[1,1],"5":[2,2]},"_coverageSchema":"1a1c01bbd47fc00a2c39e90264f33305004495a9","hash":"864fbe51b785f31ded6dab24e3b4fdca9a2c5f4d"}
,"/home/mapover/repositories/bmi-calculator-nodejs/waist-to-hip-calculator.js": {"path":"/home/mapover/repositories/bmi-calculator-nodejs/waist-to-hip-calculator.js","statementMap":{"0":{"start":{"line":2,"column":4},"end":{"line":2,"column":31}},"1":{"start":{"line":6,"column":4},"end":{"line":26,"column":5}},"2":{"start":{"line":7,"column":8},"end":{"line":15,"column":9}},"3":{"start":{"line":8,"column":12},"end":{"line":8,"column":35}},"4":{"start":{"line":10,"column":13},"end":{"line":15,"column":9}},"5":{"start":{"line":11,"column":12},"end":{"line":11,"column":33}},"6":{"start":{"line":14,"column":12},"end":{"line":14,"column":27}},"7":{"start":{"line":17,"column":8},"end":{"line":25,"column":9}},"8":{"start":{"line":18,"column":12},"end":{"line":18,"column":35}},"9":{"start":{"line":20,"column":13},"end":{"line":25,"column":9}},"10":{"start":{"line":21,"column":12},"end":{"line":21,"column":33}},"11":{"start":{"line":24,"column":12},"end":{"line":24,"column":27}},"12":{"start":{"line":29,"column":0},"end":{"line":32,"column":2}}},"fnMap":{"0":{"name":"calculateWaistToHipRatio","decl":{"start":{"line":1,"column":9},"end":{"line":1,"column":33}},"loc":{"start":{"line":1,"column":54},"end":{"line":3,"column":1}},"line":1},"1":{"name":"getWaistToHipCategory","decl":{"start":{"line":5,"column":9},"end":{"line":5,"column":30}},"loc":{"start":{"line":5,"column":46},"end":{"line":27,"column":1}},"line":5}},"branchMap":{"0":{"loc":{"start":{"line":6,"column":4},"end":{"line":26,"column":5}},"type":"if","locations":[{"start":{"line":6,"column":4},"end":{"line":26,"column":5}},{"start":{"line":16,"column":11},"end":{"line":26,"column":5}}],"line":6},"1":{"loc":{"start":{"line":7,"column":8},"end":{"line":15,"column":9}},"type":"if","locations":[{"start":{"line":7,"column":8},"end":{"line":15,"column":9}},{"start":{"line":10,"column":13},"end":{"line":15,"column":9}}],"line":7},"2":{"loc":{"start":{"line":10,"column":13},"end":{"line":15,"column":9}},"type":"if","locations":[{"start":{"line":10,"column":13},"end":{"line":15,"column":9}},{"start":{"line":13,"column":13},"end":{"line":15,"column":9}}],"line":10},"3":{"loc":{"start":{"line":10,"column":17},"end":{"line":10,"column":42}},"type":"binary-expr","locations":[{"start":{"line":10,"column":17},"end":{"line":10,"column":29}},{"start":{"line":10,"column":33},"end":{"line":10,"column":42}}],"line":10},"4":{"loc":{"start":{"line":17,"column":8},"end":{"line":25,"column":9}},"type":"if","locations":[{"start":{"line":17,"column":8},"end":{"line":25,"column":9}},{"start":{"line":20,"column":13},"end":{"line":25,"column":9}}],"line":17},"5":{"loc":{"start":{"line":20,"column":13},"end":{"line":25,"column":9}},"type":"if","locations":[{"start":{"line":20,"column":13},"end":{"line":25,"column":9}},{"start":{"line":23,"column":13},"end":{"line":25,"column":9}}],"line":20},"6":{"loc":{"start":{"line":20,"column":17},"end":{"line":20,"column":45}},"type":"binary-expr","locations":[{"start":{"line":20,"column":17},"end":{"line":20,"column":29}},{"start":{"line":20,"column":33},"end":{"line":20,"column":45}}],"line":20}},"s":{"0":1,"1":6,"2":3,"3":1,"4":2,"5":1,"6":1,"7":3,"8":1,"9":2,"10":1,"11":1,"12":1},"f":{"0":1,"1":6},"b":{"0":[3,3],"1":[1,2],"2":[1,1],"3":[2,2],"4":[1,2],"5":[1,1],"6":[2,2]},"_coverageSchema":"1a1c01bbd47fc00a2c39e90264f33305004495a9","hash":"d35ed92458ce861a70d59803686c311b80823145"}
}
