TN:
SF:bmi-category.js
FN:1,getBMICategory
FNF:1
FNH:1
FNDA:5,getBMICategory
DA:2,5
DA:3,1
DA:5,4
DA:6,1
DA:8,3
DA:9,1
DA:11,2
DA:12,1
DA:15,1
DA:18,1
LF:10
LH:10
BRDA:2,0,0,1
BRDA:2,0,1,4
BRDA:5,1,0,1
BRDA:5,1,1,3
BRDA:8,2,0,1
BRDA:8,2,1,2
BRDA:8,3,0,3
BRDA:8,3,1,3
BRDA:11,4,0,1
BRDA:11,4,1,1
BRDA:11,5,0,2
BRDA:11,5,1,2
BRF:12
BRH:12
end_of_record
TN:
SF:waist-to-hip-calculator.js
FN:1,calculateWaistToHipRatio
FN:5,getWaistToHipCategory
FNF:2
FNH:2
FNDA:1,calculateWaistToHipRatio
FNDA:6,getWaistToHipCategory
DA:2,1
DA:6,6
DA:7,3
DA:8,1
DA:10,2
DA:11,1
DA:14,1
DA:17,3
DA:18,1
DA:20,2
DA:21,1
DA:24,1
DA:29,1
LF:13
LH:13
BRDA:6,0,0,3
BRDA:6,0,1,3
BRDA:7,1,0,1
BRDA:7,1,1,2
BRDA:10,2,0,1
BRDA:10,2,1,1
BRDA:10,3,0,2
BRDA:10,3,1,2
BRDA:17,4,0,1
BRDA:17,4,1,2
BRDA:20,5,0,1
BRDA:20,5,1,1
BRDA:20,6,0,2
BRDA:20,6,1,2
BRF:14
BRH:14
end_of_record
